<?xml version="1.0" encoding="UTF-8"?>
<testng-results ignored="0" total="1" passed="1" failed="0" skipped="0">
  <reporter-output>
  </reporter-output>
  <suite started-at="2023-02-23T03:28:23 GMT-08:00" name="Default suite" finished-at="2023-02-23T03:28:48 GMT-08:00" duration-ms="24954">
    <groups>
    </groups>
    <test started-at="2023-02-23T03:28:23 GMT-08:00" name="Default test" finished-at="2023-02-23T03:28:48 GMT-08:00" duration-ms="24954">
      <class name="driverFactory.AppTest">
        <test-method signature="kickstart()[pri:0, instance:driverFactory.AppTest@5d0bf09b]" started-at="2023-02-23T03:28:24 GMT-08:00" name="kickstart" finished-at="2023-02-23T03:28:48 GMT-08:00" duration-ms="24854" status="PASS">
          <reporter-output>
          </reporter-output>
        </test-method> <!-- kickstart -->
      </class> <!-- driverFactory.AppTest -->
    </test> <!-- Default test -->
  </suite> <!-- Default suite -->
</testng-results>
